RUN	R2dbcSimulation	r2dbcsimulation	1558192422107	 	3.1.2
USER	R2dbcSimulation	1	START	1558192422737	1558192422737
REQUEST	1		get-one-person	1558192422770	1558192423168	OK	 
REQUEST	1		get-one-person	1558192423189	1558192423233	OK	 
REQUEST	1		get-one-person	1558192423235	1558192423267	OK	 
REQUEST	1		get-one-person	1558192423270	1558192423304	OK	 
REQUEST	1		get-person-by-age	1558192423309	1558192423390	OK	 
REQUEST	1		get-person-by-age	1558192423391	1558192423432	OK	 
REQUEST	1		get-person-by-age	1558192423433	1558192423470	OK	 
REQUEST	1		get-person-by-age	1558192423471	1558192423507	OK	 
REQUEST	1		get-all-persons	1558192423509	1558192423754	OK	 
REQUEST	1		get-all-persons	1558192423755	1558192423900	OK	 
REQUEST	1		get-all-persons	1558192423902	1558192424046	OK	 
REQUEST	1		get-all-persons	1558192424048	1558192424151	OK	 
REQUEST	1		create-person	1558192424152	1558192424191	OK	 
REQUEST	1		create-person	1558192424193	1558192424209	OK	 
REQUEST	1		create-person	1558192424210	1558192424225	OK	 
REQUEST	1		create-person	1558192424232	1558192424250	OK	 
USER	R2dbcSimulation	1	END	1558192422737	1558192424254
USER	R2dbcSimulation	2	START	1558192424746	1558192424746
REQUEST	2		get-one-person	1558192424747	1558192424787	OK	 
REQUEST	2		get-one-person	1558192424789	1558192424803	OK	 
REQUEST	2		get-one-person	1558192424804	1558192424816	OK	 
REQUEST	2		get-one-person	1558192424817	1558192424829	OK	 
REQUEST	2		get-person-by-age	1558192424830	1558192424844	OK	 
REQUEST	2		get-person-by-age	1558192424845	1558192424861	OK	 
REQUEST	2		get-person-by-age	1558192424862	1558192424881	OK	 
REQUEST	2		get-person-by-age	1558192424882	1558192424896	OK	 
REQUEST	2		get-all-persons	1558192424897	1558192424960	OK	 
REQUEST	2		get-all-persons	1558192424961	1558192425016	OK	 
REQUEST	2		get-all-persons	1558192425017	1558192425072	OK	 
REQUEST	2		get-all-persons	1558192425074	1558192425119	OK	 
REQUEST	2		create-person	1558192425120	1558192425136	OK	 
REQUEST	2		create-person	1558192425136	1558192425150	OK	 
REQUEST	2		create-person	1558192425151	1558192425167	OK	 
REQUEST	2		create-person	1558192425169	1558192425186	OK	 
USER	R2dbcSimulation	2	END	1558192424746	1558192425187
USER	R2dbcSimulation	3	START	1558192426747	1558192426747
REQUEST	3		get-one-person	1558192426748	1558192426787	OK	 
REQUEST	3		get-one-person	1558192426788	1558192426801	OK	 
REQUEST	3		get-one-person	1558192426802	1558192426815	OK	 
REQUEST	3		get-one-person	1558192426816	1558192426829	OK	 
REQUEST	3		get-person-by-age	1558192426830	1558192426842	OK	 
REQUEST	3		get-person-by-age	1558192426843	1558192426857	OK	 
REQUEST	3		get-person-by-age	1558192426857	1558192426871	OK	 
REQUEST	3		get-person-by-age	1558192426872	1558192426885	OK	 
REQUEST	3		get-all-persons	1558192426886	1558192426928	OK	 
REQUEST	3		get-all-persons	1558192426929	1558192426969	OK	 
REQUEST	3		get-all-persons	1558192426970	1558192427015	OK	 
REQUEST	3		get-all-persons	1558192427017	1558192427054	OK	 
REQUEST	3		create-person	1558192427055	1558192427073	OK	 
REQUEST	3		create-person	1558192427074	1558192427086	OK	 
REQUEST	3		create-person	1558192427087	1558192427099	OK	 
REQUEST	3		create-person	1558192427100	1558192427111	OK	 
USER	R2dbcSimulation	3	END	1558192426747	1558192427111
USER	R2dbcSimulation	4	START	1558192428746	1558192428746
REQUEST	4		get-one-person	1558192428747	1558192428784	OK	 
REQUEST	4		get-one-person	1558192428785	1558192428796	OK	 
REQUEST	4		get-one-person	1558192428797	1558192428807	OK	 
REQUEST	4		get-one-person	1558192428808	1558192428820	OK	 
REQUEST	4		get-person-by-age	1558192428820	1558192428833	OK	 
REQUEST	4		get-person-by-age	1558192428834	1558192428846	OK	 
REQUEST	4		get-person-by-age	1558192428847	1558192428859	OK	 
REQUEST	4		get-person-by-age	1558192428860	1558192428873	OK	 
REQUEST	4		get-all-persons	1558192428873	1558192428910	OK	 
REQUEST	4		get-all-persons	1558192428911	1558192428953	OK	 
REQUEST	4		get-all-persons	1558192428954	1558192428999	OK	 
REQUEST	4		get-all-persons	1558192429000	1558192429036	OK	 
REQUEST	4		create-person	1558192429037	1558192429054	OK	 
REQUEST	4		create-person	1558192429055	1558192429068	OK	 
REQUEST	4		create-person	1558192429068	1558192429080	OK	 
REQUEST	4		create-person	1558192429080	1558192429093	OK	 
USER	R2dbcSimulation	4	END	1558192428746	1558192429094
USER	R2dbcSimulation	5	START	1558192430746	1558192430746
REQUEST	5		get-one-person	1558192430747	1558192430784	OK	 
REQUEST	5		get-one-person	1558192430785	1558192430797	OK	 
REQUEST	5		get-one-person	1558192430797	1558192430809	OK	 
REQUEST	5		get-one-person	1558192430809	1558192430820	OK	 
REQUEST	5		get-person-by-age	1558192430821	1558192430833	OK	 
REQUEST	5		get-person-by-age	1558192430833	1558192430845	OK	 
REQUEST	5		get-person-by-age	1558192430845	1558192430857	OK	 
REQUEST	5		get-person-by-age	1558192430858	1558192430870	OK	 
REQUEST	5		get-all-persons	1558192430870	1558192430910	OK	 
REQUEST	5		get-all-persons	1558192430910	1558192430949	OK	 
REQUEST	5		get-all-persons	1558192430950	1558192430993	OK	 
REQUEST	5		get-all-persons	1558192430994	1558192431032	OK	 
REQUEST	5		create-person	1558192431032	1558192431046	OK	 
REQUEST	5		create-person	1558192431047	1558192431059	OK	 
REQUEST	5		create-person	1558192431059	1558192431071	OK	 
REQUEST	5		create-person	1558192431072	1558192431084	OK	 
USER	R2dbcSimulation	5	END	1558192430746	1558192431085
USER	R2dbcSimulation	6	START	1558192432746	1558192432746
REQUEST	6		get-one-person	1558192432747	1558192432783	OK	 
REQUEST	6		get-one-person	1558192432783	1558192432796	OK	 
REQUEST	6		get-one-person	1558192432797	1558192432809	OK	 
REQUEST	6		get-one-person	1558192432809	1558192432821	OK	 
REQUEST	6		get-person-by-age	1558192432821	1558192432833	OK	 
REQUEST	6		get-person-by-age	1558192432834	1558192432846	OK	 
REQUEST	6		get-person-by-age	1558192432847	1558192432860	OK	 
REQUEST	6		get-person-by-age	1558192432861	1558192432872	OK	 
REQUEST	6		get-all-persons	1558192432872	1558192432912	OK	 
REQUEST	6		get-all-persons	1558192432912	1558192432951	OK	 
REQUEST	6		get-all-persons	1558192432952	1558192432991	OK	 
REQUEST	6		get-all-persons	1558192432992	1558192433040	OK	 
REQUEST	6		create-person	1558192433040	1558192433052	OK	 
REQUEST	6		create-person	1558192433052	1558192433064	OK	 
REQUEST	6		create-person	1558192433065	1558192433076	OK	 
REQUEST	6		create-person	1558192433077	1558192433089	OK	 
USER	R2dbcSimulation	6	END	1558192432746	1558192433089
USER	R2dbcSimulation	7	START	1558192434746	1558192434746
REQUEST	7		get-one-person	1558192434747	1558192434782	OK	 
REQUEST	7		get-one-person	1558192434783	1558192434794	OK	 
REQUEST	7		get-one-person	1558192434795	1558192434805	OK	 
REQUEST	7		get-one-person	1558192434805	1558192434817	OK	 
REQUEST	7		get-person-by-age	1558192434817	1558192434830	OK	 
REQUEST	7		get-person-by-age	1558192434831	1558192434843	OK	 
REQUEST	7		get-person-by-age	1558192434843	1558192434854	OK	 
REQUEST	7		get-person-by-age	1558192434855	1558192434868	OK	 
REQUEST	7		get-all-persons	1558192434868	1558192434907	OK	 
REQUEST	7		get-all-persons	1558192434908	1558192434945	OK	 
REQUEST	7		get-all-persons	1558192434945	1558192434983	OK	 
REQUEST	7		get-all-persons	1558192434984	1558192435029	OK	 
REQUEST	7		create-person	1558192435029	1558192435041	OK	 
REQUEST	7		create-person	1558192435041	1558192435053	OK	 
REQUEST	7		create-person	1558192435054	1558192435065	OK	 
REQUEST	7		create-person	1558192435065	1558192435075	OK	 
USER	R2dbcSimulation	7	END	1558192434746	1558192435076
USER	R2dbcSimulation	8	START	1558192436747	1558192436747
REQUEST	8		get-one-person	1558192436748	1558192436785	OK	 
REQUEST	8		get-one-person	1558192436786	1558192436797	OK	 
REQUEST	8		get-one-person	1558192436798	1558192436809	OK	 
REQUEST	8		get-one-person	1558192436809	1558192436822	OK	 
REQUEST	8		get-person-by-age	1558192436823	1558192436834	OK	 
REQUEST	8		get-person-by-age	1558192436835	1558192436847	OK	 
REQUEST	8		get-person-by-age	1558192436848	1558192436859	OK	 
REQUEST	8		get-person-by-age	1558192436860	1558192436872	OK	 
REQUEST	8		get-all-persons	1558192436872	1558192436909	OK	 
REQUEST	8		get-all-persons	1558192436910	1558192436947	OK	 
REQUEST	8		get-all-persons	1558192436947	1558192436985	OK	 
REQUEST	8		get-all-persons	1558192436986	1558192437028	OK	 
REQUEST	8		create-person	1558192437029	1558192437042	OK	 
REQUEST	8		create-person	1558192437043	1558192437055	OK	 
REQUEST	8		create-person	1558192437056	1558192437067	OK	 
REQUEST	8		create-person	1558192437068	1558192437081	OK	 
USER	R2dbcSimulation	8	END	1558192436747	1558192437082
USER	R2dbcSimulation	9	START	1558192438748	1558192438748
REQUEST	9		get-one-person	1558192438749	1558192438776	OK	 
REQUEST	9		get-one-person	1558192438776	1558192438787	OK	 
REQUEST	9		get-one-person	1558192438788	1558192438798	OK	 
REQUEST	9		get-one-person	1558192438799	1558192438810	OK	 
REQUEST	9		get-person-by-age	1558192438811	1558192438821	OK	 
REQUEST	9		get-person-by-age	1558192438822	1558192438833	OK	 
REQUEST	9		get-person-by-age	1558192438834	1558192438845	OK	 
REQUEST	9		get-person-by-age	1558192438845	1558192438857	OK	 
REQUEST	9		get-all-persons	1558192438858	1558192438897	OK	 
REQUEST	9		get-all-persons	1558192438898	1558192438935	OK	 
REQUEST	9		get-all-persons	1558192438935	1558192438973	OK	 
REQUEST	9		get-all-persons	1558192438974	1558192439020	OK	 
REQUEST	9		create-person	1558192439020	1558192439033	OK	 
REQUEST	9		create-person	1558192439033	1558192439045	OK	 
REQUEST	9		create-person	1558192439045	1558192439056	OK	 
REQUEST	9		create-person	1558192439057	1558192439068	OK	 
USER	R2dbcSimulation	9	END	1558192438748	1558192439069
USER	R2dbcSimulation	10	START	1558192440747	1558192440747
REQUEST	10		get-one-person	1558192440748	1558192440775	OK	 
REQUEST	10		get-one-person	1558192440775	1558192440787	OK	 
REQUEST	10		get-one-person	1558192440788	1558192440798	OK	 
REQUEST	10		get-one-person	1558192440798	1558192440808	OK	 
REQUEST	10		get-person-by-age	1558192440809	1558192440821	OK	 
REQUEST	10		get-person-by-age	1558192440822	1558192440833	OK	 
REQUEST	10		get-person-by-age	1558192440833	1558192440844	OK	 
REQUEST	10		get-person-by-age	1558192440845	1558192440855	OK	 
REQUEST	10		get-all-persons	1558192440856	1558192440893	OK	 
REQUEST	10		get-all-persons	1558192440893	1558192440929	OK	 
REQUEST	10		get-all-persons	1558192440930	1558192440965	OK	 
REQUEST	10		get-all-persons	1558192440965	1558192441008	OK	 
REQUEST	10		create-person	1558192441009	1558192441024	OK	 
REQUEST	10		create-person	1558192441025	1558192441035	OK	 
REQUEST	10		create-person	1558192441036	1558192441047	OK	 
REQUEST	10		create-person	1558192441048	1558192441058	OK	 
USER	R2dbcSimulation	10	END	1558192440747	1558192441058
