RUN	PostgreSimulation	postgresimulation	1555404222010	 	3.0.3
USER	PostgreSimulation	1	START	1555404222763	1555404222763
REQUEST	1		get-one-person	1555404222794	1555404223279	OK	 
REQUEST	1		get-one-person	1555404223304	1555404223319	OK	 
REQUEST	1		get-one-person	1555404223320	1555404223330	OK	 
REQUEST	1		get-one-person	1555404223331	1555404223340	OK	 
REQUEST	1		get-person-by-age	1555404223344	1555404223375	OK	 
REQUEST	1		get-person-by-age	1555404223376	1555404223395	OK	 
REQUEST	1		get-person-by-age	1555404223396	1555404223412	OK	 
REQUEST	1		get-person-by-age	1555404223414	1555404223428	OK	 
REQUEST	1		get-all-persons	1555404223429	1555404223555	OK	 
REQUEST	1		get-all-persons	1555404223557	1555404223700	OK	 
REQUEST	1		get-all-persons	1555404223703	1555404223824	OK	 
REQUEST	1		get-all-persons	1555404223825	1555404223923	OK	 
REQUEST	1		create-person	1555404223925	1555404223977	OK	 
REQUEST	1		create-person	1555404223978	1555404223991	OK	 
REQUEST	1		create-person	1555404223992	1555404224007	OK	 
REQUEST	1		create-person	1555404224008	1555404224019	OK	 
USER	PostgreSimulation	1	END	1555404222763	1555404224026
USER	PostgreSimulation	2	START	1555404224802	1555404224802
REQUEST	2		get-one-person	1555404224803	1555404224837	OK	 
REQUEST	2		get-one-person	1555404224839	1555404224851	OK	 
REQUEST	2		get-one-person	1555404224853	1555404224863	OK	 
REQUEST	2		get-one-person	1555404224864	1555404224875	OK	 
REQUEST	2		get-person-by-age	1555404224875	1555404224887	OK	 
REQUEST	2		get-person-by-age	1555404224888	1555404224899	OK	 
REQUEST	2		get-person-by-age	1555404224901	1555404224918	OK	 
REQUEST	2		get-person-by-age	1555404224920	1555404224943	OK	 
REQUEST	2		get-all-persons	1555404224944	1555404225016	OK	 
REQUEST	2		get-all-persons	1555404225018	1555404225068	OK	 
REQUEST	2		get-all-persons	1555404225070	1555404225117	OK	 
REQUEST	2		get-all-persons	1555404225118	1555404225164	OK	 
REQUEST	2		create-person	1555404225165	1555404225174	OK	 
REQUEST	2		create-person	1555404225175	1555404225182	OK	 
REQUEST	2		create-person	1555404225182	1555404225189	OK	 
REQUEST	2		create-person	1555404225190	1555404225196	OK	 
USER	PostgreSimulation	2	END	1555404224802	1555404225197
USER	PostgreSimulation	3	START	1555404226771	1555404226771
REQUEST	3		get-one-person	1555404226772	1555404226795	OK	 
REQUEST	3		get-one-person	1555404226796	1555404226803	OK	 
REQUEST	3		get-one-person	1555404226804	1555404226811	OK	 
REQUEST	3		get-one-person	1555404226812	1555404226820	OK	 
REQUEST	3		get-person-by-age	1555404226821	1555404226830	OK	 
REQUEST	3		get-person-by-age	1555404226832	1555404226841	OK	 
REQUEST	3		get-person-by-age	1555404226842	1555404226849	OK	 
REQUEST	3		get-person-by-age	1555404226850	1555404226858	OK	 
REQUEST	3		get-all-persons	1555404226858	1555404226889	OK	 
REQUEST	3		get-all-persons	1555404226889	1555404226918	OK	 
REQUEST	3		get-all-persons	1555404226919	1555404226949	OK	 
REQUEST	3		get-all-persons	1555404226950	1555404226979	OK	 
REQUEST	3		create-person	1555404226980	1555404226986	OK	 
REQUEST	3		create-person	1555404226987	1555404226992	OK	 
REQUEST	3		create-person	1555404226993	1555404226998	OK	 
REQUEST	3		create-person	1555404226999	1555404227006	OK	 
USER	PostgreSimulation	3	END	1555404226771	1555404227006
USER	PostgreSimulation	4	START	1555404228772	1555404228772
REQUEST	4		get-one-person	1555404228773	1555404228795	OK	 
REQUEST	4		get-one-person	1555404228796	1555404228805	OK	 
REQUEST	4		get-one-person	1555404228805	1555404228812	OK	 
REQUEST	4		get-one-person	1555404228813	1555404228820	OK	 
REQUEST	4		get-person-by-age	1555404228820	1555404228828	OK	 
REQUEST	4		get-person-by-age	1555404228829	1555404228838	OK	 
REQUEST	4		get-person-by-age	1555404228838	1555404228846	OK	 
REQUEST	4		get-person-by-age	1555404228846	1555404228854	OK	 
REQUEST	4		get-all-persons	1555404228854	1555404228882	OK	 
REQUEST	4		get-all-persons	1555404228883	1555404228912	OK	 
REQUEST	4		get-all-persons	1555404228913	1555404228942	OK	 
REQUEST	4		get-all-persons	1555404228943	1555404228971	OK	 
REQUEST	4		create-person	1555404228971	1555404228978	OK	 
REQUEST	4		create-person	1555404228978	1555404228984	OK	 
REQUEST	4		create-person	1555404228984	1555404228989	OK	 
REQUEST	4		create-person	1555404228990	1555404228996	OK	 
USER	PostgreSimulation	4	END	1555404228772	1555404228996
USER	PostgreSimulation	5	START	1555404230772	1555404230772
REQUEST	5		get-one-person	1555404230773	1555404230796	OK	 
REQUEST	5		get-one-person	1555404230797	1555404230806	OK	 
REQUEST	5		get-one-person	1555404230806	1555404230814	OK	 
REQUEST	5		get-one-person	1555404230814	1555404230821	OK	 
REQUEST	5		get-person-by-age	1555404230822	1555404230831	OK	 
REQUEST	5		get-person-by-age	1555404230832	1555404230840	OK	 
REQUEST	5		get-person-by-age	1555404230840	1555404230847	OK	 
REQUEST	5		get-person-by-age	1555404230848	1555404230857	OK	 
REQUEST	5		get-all-persons	1555404230857	1555404230885	OK	 
REQUEST	5		get-all-persons	1555404230886	1555404230915	OK	 
REQUEST	5		get-all-persons	1555404230916	1555404230945	OK	 
REQUEST	5		get-all-persons	1555404230946	1555404230977	OK	 
REQUEST	5		create-person	1555404230978	1555404230985	OK	 
REQUEST	5		create-person	1555404230986	1555404230991	OK	 
REQUEST	5		create-person	1555404230992	1555404230997	OK	 
REQUEST	5		create-person	1555404230997	1555404231002	OK	 
USER	PostgreSimulation	5	END	1555404230772	1555404231003
USER	PostgreSimulation	6	START	1555404232773	1555404232773
REQUEST	6		get-one-person	1555404232774	1555404232796	OK	 
REQUEST	6		get-one-person	1555404232797	1555404232803	OK	 
REQUEST	6		get-one-person	1555404232804	1555404232812	OK	 
REQUEST	6		get-one-person	1555404232813	1555404232820	OK	 
REQUEST	6		get-person-by-age	1555404232820	1555404232827	OK	 
REQUEST	6		get-person-by-age	1555404232828	1555404232840	OK	 
REQUEST	6		get-person-by-age	1555404232840	1555404232849	OK	 
REQUEST	6		get-person-by-age	1555404232849	1555404232859	OK	 
REQUEST	6		get-all-persons	1555404232860	1555404232889	OK	 
REQUEST	6		get-all-persons	1555404232890	1555404232919	OK	 
REQUEST	6		get-all-persons	1555404232920	1555404232950	OK	 
REQUEST	6		get-all-persons	1555404232951	1555404232981	OK	 
REQUEST	6		create-person	1555404232982	1555404232989	OK	 
REQUEST	6		create-person	1555404232989	1555404232994	OK	 
REQUEST	6		create-person	1555404232994	1555404232999	OK	 
REQUEST	6		create-person	1555404233000	1555404233004	OK	 
USER	PostgreSimulation	6	END	1555404232773	1555404233005
USER	PostgreSimulation	7	START	1555404234772	1555404234772
REQUEST	7		get-one-person	1555404234773	1555404234796	OK	 
REQUEST	7		get-one-person	1555404234796	1555404234803	OK	 
REQUEST	7		get-one-person	1555404234804	1555404234813	OK	 
REQUEST	7		get-one-person	1555404234813	1555404234820	OK	 
REQUEST	7		get-person-by-age	1555404234820	1555404234828	OK	 
REQUEST	7		get-person-by-age	1555404234828	1555404234836	OK	 
REQUEST	7		get-person-by-age	1555404234836	1555404234843	OK	 
REQUEST	7		get-person-by-age	1555404234843	1555404234851	OK	 
REQUEST	7		get-all-persons	1555404234852	1555404234893	OK	 
REQUEST	7		get-all-persons	1555404234893	1555404234922	OK	 
REQUEST	7		get-all-persons	1555404234923	1555404234952	OK	 
REQUEST	7		get-all-persons	1555404234953	1555404234984	OK	 
REQUEST	7		create-person	1555404234984	1555404234991	OK	 
REQUEST	7		create-person	1555404234991	1555404234996	OK	 
REQUEST	7		create-person	1555404234997	1555404235001	OK	 
REQUEST	7		create-person	1555404235002	1555404235006	OK	 
USER	PostgreSimulation	7	END	1555404234772	1555404235006
USER	PostgreSimulation	8	START	1555404236772	1555404236772
REQUEST	8		get-one-person	1555404236773	1555404236793	OK	 
REQUEST	8		get-one-person	1555404236794	1555404236801	OK	 
REQUEST	8		get-one-person	1555404236802	1555404236808	OK	 
REQUEST	8		get-one-person	1555404236808	1555404236815	OK	 
REQUEST	8		get-person-by-age	1555404236816	1555404236823	OK	 
REQUEST	8		get-person-by-age	1555404236824	1555404236831	OK	 
REQUEST	8		get-person-by-age	1555404236831	1555404236838	OK	 
REQUEST	8		get-person-by-age	1555404236839	1555404236845	OK	 
REQUEST	8		get-all-persons	1555404236846	1555404236875	OK	 
REQUEST	8		get-all-persons	1555404236876	1555404236908	OK	 
REQUEST	8		get-all-persons	1555404236909	1555404236939	OK	 
REQUEST	8		get-all-persons	1555404236940	1555404236967	OK	 
REQUEST	8		create-person	1555404236968	1555404236976	OK	 
REQUEST	8		create-person	1555404236976	1555404236981	OK	 
REQUEST	8		create-person	1555404236982	1555404236987	OK	 
REQUEST	8		create-person	1555404236987	1555404236993	OK	 
USER	PostgreSimulation	8	END	1555404236772	1555404236994
USER	PostgreSimulation	9	START	1555404238771	1555404238771
REQUEST	9		get-one-person	1555404238773	1555404238803	OK	 
REQUEST	9		get-one-person	1555404238804	1555404238819	OK	 
REQUEST	9		get-one-person	1555404238821	1555404238836	OK	 
REQUEST	9		get-one-person	1555404238838	1555404238846	OK	 
REQUEST	9		get-person-by-age	1555404238847	1555404238856	OK	 
REQUEST	9		get-person-by-age	1555404238857	1555404238864	OK	 
REQUEST	9		get-person-by-age	1555404238865	1555404238874	OK	 
REQUEST	9		get-person-by-age	1555404238874	1555404238881	OK	 
REQUEST	9		get-all-persons	1555404238882	1555404238912	OK	 
REQUEST	9		get-all-persons	1555404238913	1555404238946	OK	 
REQUEST	9		get-all-persons	1555404238947	1555404238978	OK	 
REQUEST	9		get-all-persons	1555404238978	1555404239009	OK	 
REQUEST	9		create-person	1555404239010	1555404239017	OK	 
REQUEST	9		create-person	1555404239017	1555404239024	OK	 
REQUEST	9		create-person	1555404239025	1555404239031	OK	 
REQUEST	9		create-person	1555404239031	1555404239035	OK	 
USER	PostgreSimulation	9	END	1555404238771	1555404239037
USER	PostgreSimulation	10	START	1555404240771	1555404240771
REQUEST	10		get-one-person	1555404240772	1555404240793	OK	 
REQUEST	10		get-one-person	1555404240794	1555404240802	OK	 
REQUEST	10		get-one-person	1555404240803	1555404240809	OK	 
REQUEST	10		get-one-person	1555404240809	1555404240814	OK	 
REQUEST	10		get-person-by-age	1555404240815	1555404240826	OK	 
REQUEST	10		get-person-by-age	1555404240827	1555404240834	OK	 
REQUEST	10		get-person-by-age	1555404240834	1555404240840	OK	 
REQUEST	10		get-person-by-age	1555404240841	1555404240847	OK	 
REQUEST	10		get-all-persons	1555404240847	1555404240873	OK	 
REQUEST	10		get-all-persons	1555404240874	1555404240900	OK	 
REQUEST	10		get-all-persons	1555404240901	1555404240930	OK	 
REQUEST	10		get-all-persons	1555404240931	1555404240959	OK	 
REQUEST	10		create-person	1555404240960	1555404240967	OK	 
REQUEST	10		create-person	1555404240967	1555404240972	OK	 
REQUEST	10		create-person	1555404240973	1555404240979	OK	 
REQUEST	10		create-person	1555404240979	1555404240984	OK	 
USER	PostgreSimulation	10	END	1555404240771	1555404240984
